<?xml version="1.0" encoding="UTF-8"?>
<testsuite name="com.jeremy.productservice.ProductServiceApplicationTests" tests="1" skipped="0" failures="0" errors="0" timestamp="2023-08-07T08:42:36" hostname="Jeremys-MacBook-Pro-3.local" time="1.375">
  <properties/>
  <testcase name="createProduct()" classname="com.jeremy.productservice.ProductServiceApplicationTests" time="1.375"/>
  <system-out><![CDATA[18:42:16.037 [Test worker] INFO org.springframework.test.context.support.AnnotationConfigContextLoaderUtils -- Could not detect default configuration classes for test class [com.jeremy.productservice.ProductServiceApplicationTests]: ProductServiceApplicationTests does not declare any static, non-private, non-final, nested classes annotated with @Configuration.
18:42:16.173 [Test worker] INFO org.springframework.boot.test.context.SpringBootTestContextBootstrapper -- Found @SpringBootConfiguration com.jeremy.productservice.ProductServiceApplication for test class com.jeremy.productservice.ProductServiceApplicationTests
18:42:16.370 [Test worker] INFO org.testcontainers.dockerclient.DockerClientProviderStrategy -- Loaded org.testcontainers.dockerclient.UnixSocketClientProviderStrategy from ~/.testcontainers.properties, will try it first
18:42:16.895 [Test worker] INFO org.testcontainers.dockerclient.DockerClientProviderStrategy -- Found Docker environment with local Unix socket (unix:///var/run/docker.sock)
18:42:16.896 [Test worker] INFO org.testcontainers.DockerClientFactory -- Docker host IP address is localhost
18:42:16.913 [Test worker] INFO org.testcontainers.DockerClientFactory -- Connected to docker: 
  Server Version: 24.0.5
  API Version: 1.43
  Operating System: Docker Desktop
  Total Memory: 3933 MB
18:42:16.918 [Test worker] INFO org.testcontainers.utility.ImageNameSubstitutor -- Image name substitution will be performed by: DefaultImageNameSubstitutor (composite of 'ConfigurationFileImageNameSubstitutor' and 'PrefixingImageNameSubstitutor')
18:42:30.125 [Test worker] INFO org.testcontainers.utility.RegistryAuthLocator -- Credential helper/store (docker-credential-desktop) does not have credentials for index.docker.io
18:42:30.989 [Test worker] INFO org.testcontainers.DockerClientFactory -- Ryuk started - will monitor and terminate Testcontainers containers on JVM exit
18:42:30.990 [Test worker] INFO org.testcontainers.DockerClientFactory -- Checking the system...
18:42:30.991 [Test worker] INFO org.testcontainers.DockerClientFactory -- ✔︎ Docker server version should be at least 1.6.0
18:42:31.097 [Test worker] INFO org.testcontainers.DockerClientFactory -- ✔︎ Docker environment should have more than 2GB free disk space
18:42:31.116 [Test worker] INFO ]]>&#x1f433;<![CDATA[ [mongo:4.4.2] -- Creating container for image: mongo:4.4.2
18:42:31.283 [Test worker] INFO ]]>&#x1f433;<![CDATA[ [mongo:4.4.2] -- Container mongo:4.4.2 is starting: 1d347246c826e88d77751ce4da93bedc688cc3fd33a07e04a211cd82c572699b
18:42:33.100 [Test worker] INFO ]]>&#x1f433;<![CDATA[ [mongo:4.4.2] -- Container mongo:4.4.2 started in PT2.001871S

  .   ____          _            __ _ _
 /\\ / ___'_ __ _ _(_)_ __  __ _ \ \ \ \
( ( )\___ | '_ | '_| | '_ \/ _` | \ \ \ \
 \\/  ___)| |_)| | | | | || (_| |  ) ) ) )
  '  |____| .__|_| |_|_| |_\__, | / / / /
 =========|_|==============|___/=/_/_/_/
 :: Spring Boot ::                (v3.1.2)

2023-08-07T18:42:34.361+10:00  INFO 40145 --- [    Test worker] c.j.p.ProductServiceApplicationTests     : Starting ProductServiceApplicationTests using Java 17.0.7 with PID 40145 (started by jeremy in /Users/jeremy/Codes/product_service _Java)
2023-08-07T18:42:34.364+10:00  INFO 40145 --- [    Test worker] c.j.p.ProductServiceApplicationTests     : No active profile set, falling back to 1 default profile: "default"
2023-08-07T18:42:35.099+10:00  INFO 40145 --- [    Test worker] .s.d.r.c.RepositoryConfigurationDelegate : Bootstrapping Spring Data MongoDB repositories in DEFAULT mode.
2023-08-07T18:42:35.172+10:00  INFO 40145 --- [    Test worker] .s.d.r.c.RepositoryConfigurationDelegate : Finished Spring Data repository scanning in 68 ms. Found 1 MongoDB repository interfaces.
2023-08-07T18:42:35.728+10:00  INFO 40145 --- [    Test worker] org.mongodb.driver.client                : MongoClient with metadata {"driver": {"name": "mongo-java-driver|sync|spring-boot", "version": "4.9.1"}, "os": {"type": "Darwin", "name": "Mac OS X", "architecture": "x86_64", "version": "13.2.1"}, "platform": "Java/Oracle Corporation/17.0.7+8-LTS-224"} created with settings MongoClientSettings{readPreference=primary, writeConcern=WriteConcern{w=null, wTimeout=null ms, journal=null}, retryWrites=true, retryReads=true, readConcern=ReadConcern{level=null}, credential=null, streamFactoryFactory=null, commandListeners=[], codecRegistry=ProvidersCodecRegistry{codecProviders=[ValueCodecProvider{}, BsonValueCodecProvider{}, DBRefCodecProvider{}, DBObjectCodecProvider{}, DocumentCodecProvider{}, CollectionCodecProvider{}, IterableCodecProvider{}, MapCodecProvider{}, GeoJsonCodecProvider{}, GridFSFileCodecProvider{}, Jsr310CodecProvider{}, JsonObjectCodecProvider{}, BsonCodecProvider{}, EnumCodecProvider{}, com.mongodb.client.model.mql.ExpressionCodecProvider@4d81e83a, com.mongodb.Jep395RecordCodecProvider@53a301f3]}, loggerSettings=LoggerSettings{maxDocumentLength=1000}, clusterSettings={hosts=[localhost:56150], srvServiceName=mongodb, mode=SINGLE, requiredClusterType=UNKNOWN, requiredReplicaSetName='null', serverSelector='null', clusterListeners='[]', serverSelectionTimeout='30000 ms', localThreshold='30000 ms'}, socketSettings=SocketSettings{connectTimeoutMS=10000, readTimeoutMS=0, receiveBufferSize=0, sendBufferSize=0}, heartbeatSocketSettings=SocketSettings{connectTimeoutMS=10000, readTimeoutMS=10000, receiveBufferSize=0, sendBufferSize=0}, connectionPoolSettings=ConnectionPoolSettings{maxSize=100, minSize=0, maxWaitTimeMS=120000, maxConnectionLifeTimeMS=0, maxConnectionIdleTimeMS=0, maintenanceInitialDelayMS=0, maintenanceFrequencyMS=60000, connectionPoolListeners=[], maxConnecting=2}, serverSettings=ServerSettings{heartbeatFrequencyMS=10000, minHeartbeatFrequencyMS=500, serverListeners='[]', serverMonitorListeners='[]'}, sslSettings=SslSettings{enabled=false, invalidHostNameAllowed=false, context=null}, applicationName='null', compressorList=[], uuidRepresentation=JAVA_LEGACY, serverApi=null, autoEncryptionSettings=null, contextProvider=null}
2023-08-07T18:42:35.758+10:00  INFO 40145 --- [localhost:56150] org.mongodb.driver.cluster               : Monitor thread successfully connected to server with description ServerDescription{address=localhost:56150, type=REPLICA_SET_PRIMARY, state=CONNECTED, ok=true, minWireVersion=0, maxWireVersion=9, maxDocumentSize=16777216, logicalSessionTimeoutMinutes=30, roundTripTimeNanos=30640247, setName='docker-rs', canonicalAddress=1d347246c826:27017, hosts=[1d347246c826:27017], passives=[], arbiters=[], primary='1d347246c826:27017', tagSet=TagSet{[]}, electionId=7fffffff0000000000000001, setVersion=1, topologyVersion=TopologyVersion{processId=64d0ae7851dfb0b2920d0779, counter=6}, lastWriteDate=Mon Aug 07 18:42:33 AEST 2023, lastUpdateTimeNanos=234699698799290}
2023-08-07T18:42:36.546+10:00  INFO 40145 --- [    Test worker] o.s.b.t.m.w.SpringBootMockServletContext : Initializing Spring TestDispatcherServlet ''
2023-08-07T18:42:36.546+10:00  INFO 40145 --- [    Test worker] o.s.t.web.servlet.TestDispatcherServlet  : Initializing Servlet ''
2023-08-07T18:42:36.550+10:00  INFO 40145 --- [    Test worker] o.s.t.web.servlet.TestDispatcherServlet  : Completed initialization in 1 ms
2023-08-07T18:42:36.578+10:00  INFO 40145 --- [    Test worker] c.j.p.ProductServiceApplicationTests     : Started ProductServiceApplicationTests in 2.575 seconds (process running for 21.701)
2023-08-07T18:42:37.896+10:00  INFO 40145 --- [    Test worker] c.j.p.service.ProductService             : Product 64d0ae7da15289326e190ffb is saved
2023-08-07T18:42:38.038+10:00  INFO 40145 --- [localhost:56150] org.mongodb.driver.cluster               : Exception in monitor thread while connecting to server localhost:56150

com.mongodb.MongoSocketReadException: Prematurely reached end of stream
	at com.mongodb.internal.connection.SocketStream.read(SocketStream.java:115) ~[mongodb-driver-core-4.9.1.jar:na]
	at com.mongodb.internal.connection.SocketStream.read(SocketStream.java:138) ~[mongodb-driver-core-4.9.1.jar:na]
	at com.mongodb.internal.connection.InternalStreamConnection.receiveResponseBuffers(InternalStreamConnection.java:735) ~[mongodb-driver-core-4.9.1.jar:na]
	at com.mongodb.internal.connection.InternalStreamConnection.receiveMessageWithAdditionalTimeout(InternalStreamConnection.java:596) ~[mongodb-driver-core-4.9.1.jar:na]
	at com.mongodb.internal.connection.InternalStreamConnection.receiveCommandMessageResponse(InternalStreamConnection.java:440) ~[mongodb-driver-core-4.9.1.jar:na]
	at com.mongodb.internal.connection.InternalStreamConnection.receive(InternalStreamConnection.java:397) ~[mongodb-driver-core-4.9.1.jar:na]
	at com.mongodb.internal.connection.DefaultServerMonitor$ServerMonitorRunnable.lookupServerDescription(DefaultServerMonitor.java:227) ~[mongodb-driver-core-4.9.1.jar:na]
	at com.mongodb.internal.connection.DefaultServerMonitor$ServerMonitorRunnable.run(DefaultServerMonitor.java:159) ~[mongodb-driver-core-4.9.1.jar:na]
	at java.base/java.lang.Thread.run(Thread.java:833) ~[na:na]

]]></system-out>
  <system-err><![CDATA[]]></system-err>
</testsuite>
